.vsdbgsrc
000182ff-9522-4b0d-b5f6-ee959567b374
00b8ed55e89047c9810d5671697ec39f
06f70d66-9457-4c7e-b4ad-9cf3cc67fb8f
081767ab-94ab-481b-bf9d-cb1642b5d7a7
0866a4a5-bbd2-40b9-bee7-80ea7df78c9d
087b67301074455db45e85860d7e3098
0990b6eb695046f6a855de1c812117cc
0ba47991-66f0-4820-9812-5351dc1effb2
0bb1taw1.xp2
0e4e28b2-fd0f-43a4-a97e-63bc39ecfb8e
122781ad-c127-4104-9cf7-b2bce0253c50
12caf05b-1f05-472f-accb-2ee2812b906f
1687b24fe69443948afc817936eb8556
1be1717c-1a22-49fa-a495-8f92bc365a28
1bf6b163-4c3c-4868-a4aa-70f575c41705
1rtwcmer.vhn
2079d3a1b18c4149bda50cda5392a8bc
21e46040b6f941c2a4a3741318a3d1e5
2856e8d8-5729-4cc0-9d1b-b3eadfbe3b30
2ny1bd1f.bcj
2zxn4b04.kxa
30fzmn1e.1zp
32719371-4d4d-495f-bc12-ed30e3dc7625
33999233-17fe-4723-a0fe-3222a078ebb9
33c09108-abf8-4a13-8414-309817ca95a6
34156a4529dc4e548fccf56048af9dce
3961ab43-1863-43e1-a496-d93819136800
3c909f5c562949b0856edcd099f8e93d
4492db54aa34402b9331cd04a5944ce8
44mkmfxy.b1u
451b3361-df4c-4a58-90d0-1175a8621d4c
491e9ded-1644-40ea-ab7b-d4a24579a3c4
4czaowij.ja1
4focohd0.wzg
4ia5fee2.px2
4qtvfkls.o0b
532dc406-814e-40d9-b8b4-8a62f3ef37b9
53f55114-cb11-4915-9dbf-cf10cd4c0374
545013ab-eae7-4fa6-b349-757ad8de0d2b
54f6ed70bbc64d1f9df07e615b8f6cf3
5795f5efb3ad4bfe8b601cf4498f61e5
5b364ec7-843a-4126-8727-008ca127f73c
5e2ksfjs.oly
5hw2sjh3.1m3
603b8466ba2344a9a7bc4e1428f70c07
606abc9e-8ab2-44af-b0da-651e04b12d99
63567dc5-6d2f-42c7-a07d-da8f5cb674ee
6623beafb6c9439b910131966a29a9ad
671730168d5a42448eaebd3aa281c26e
68b1c075-7927-4c65-96ca-5ab9eeeb92ae
6d078af2-d6e1-44ee-887f-d5ead7572473
6ef88d9c-327e-4cba-9d6b-3a2fbe3d14a5
71d0bcf4f1234ef08f67f34c2af9dfdc
745339da-28e1-4e35-a609-2878f92113c4
761baf92eddf405398d9e71ae5292d29
7684c085-5ad7-4e44-bd1a-fa0387527454
79b6718b-5d03-4abc-bec7-78dc78e0edd7
81bdac9ca3cb44ab98152a3876b66ccb
841494f7-ffe6-4e0d-95bd-6907a0e239f4
86f9ec8d69e3475b9512138ad5dac2e5
88eea279-a7dd-49f0-a1ba-5a3bcdccc859
89d6278c9242495595d591e08c0cb22a
8bf554d0a57a4b46a81ea3a689b10191
8f694258-e589-4a3b-b973-1b1e511e7d89
908d5bd0e0c64867b50f4b3c3a67a470
93acebda-725e-42b1-a20b-f366193e5955
949fe9fa-bd70-4f9c-8620-fb7033ad8c59
96cdf587-5b33-4b27-8baf-f6dc8c611133
980d9f8f-9be0-478b-a968-872274ebab55
996b108a-8df1-4f45-81d2-c14c9d368315
9a2841bf898c4d13a584b5b2eb1b94ed
9a3f3fd4-f707-4fce-987c-5882fb43db60
9b30aaa437764507b3a8d31cbc22d869
9b72641c-36de-4e11-a243-18441ce0927d
9e2f4351-4b00-4fd0-b752-1091d4520666
9ed5c22e-b9c8-45f6-9263-c0be8b1f6675
9fefa632-70d9-4e10-8925-d00fd2bb2596
a0582544-dda8-4b03-bdfe-bc15e5d494d7
a064815c-e93b-4845-95c4-1a58df7af044
a323ba8d-f405-46fd-82c3-1653d8ab137e
a4b77f240b9a4fb4af7d8e9b55794a78
a960249e5839432e998a2f0212ba195f
a9686ac7-6cb3-4fb0-992b-7931c5435376
ad0255c5-55e0-4165-962d-4dc8a81d2e45
ad3ff090-8b04-4dfd-99ed-638cedd10787
ad7906f3-c80a-44f4-8cec-53fcb8bc5499
b0ea5f38-79ca-4843-bbb8-82c35e124c00
b15a5d1f-1331-4c86-9681-cd0894324d6e
b197c67e-9bef-4706-922c-4892f1547922
b3e8c64f7a18482da2c003e5708fd2e7
b461dde3-9ac2-4c79-a7b0-3b526a8e06ba
b78f706be1df4b7da8a3d1e6b87429c7
bcc7a47c-d143-45f0-84f1-d8a126c6d58d
bdcab596-7658-4cbf-84bc-01ce07caf371
bdd8295863db4047997fdd9dd44041f6
bfce0071-3032-4c08-956f-6c311acf8992
bl5hxw10.5iv
bqalbfsp.5vi
c01d067f-1d8b-4eb2-81a6-4b60aa4e5ad0
c3a8a2b6-6cd9-4594-b868-455e080632d5
c3e8b2e6-d5e4-4b8d-9463-60493ef1e096
c3f1dc2e-9c40-4fb3-84e9-3e2733a9459b
c4a8bf81-c315-4ce5-b28a-6018bd8899b7
c4d81731-8877-4e1a-9acd-aaaad9f126b4
c97347531ca549bb89289d9e9f0953fb
cache
cb291a24-1e94-4167-a303-bc4eade1c725
cbptwi1a.td5
cea92a0c-9c00-44bd-b1ca-e14144d07972
chrome_BITS_16032_130128598
chrome_BITS_16032_708650962
chrome_BITS_16032_846246564
chrome_BITS_21288_471033192
chrome_BITS_24596_416779585
chrome_BITS_2856_1496982551
chrome_BITS_2856_1896408170
chrome_BITS_7680_1392611180
chrome_BITS_7680_1979446153
chrome_BITS_7680_2115747420
chrome_BITS_7680_313779772
chrome_drag9924_2060271746
chrome_url_fetcher_11908_1638069940
chrome_url_fetcher_13016_1512886610
chrome_url_fetcher_13016_2046530779
chrome_url_fetcher_2608_541087770
ciccuyni.doi
csdevkit
csdevkitintellicodemodels
ctcktj0b.5ft
d2434caf-84e3-41cd-be8c-ceb58e2d646c
d24a9b59-1dd1-45c3-afbd-446a56d485e1
d31d1bc2-b14d-40b0-84f6-37bee838b9f1
d7c91c38-1b82-4588-bb18-25a7b6cb1288
d920c6da-0ac9-4537-b146-84d751ec2451
d9302cdd-180e-4ea2-9141-c5bdef195d1e
def2ca3e-e2b8-49f9-abf6-a5008ae257ba
df1e0a06-bccb-4b2a-bfc7-3ccd09aadf30
Diagnostics
dltmti3z.f2m
e1806627-f712-4818-a81d-f4b5d5f9e077
e186832a-7f47-4f26-b816-224f68e1cae5
e2202683f5d44ca4b015e73f6f555854
e510bc20-1600-473d-8e8a-1365cfeb5372
e6ca08d1727a4504a0100bb65bc6e40a
e8068366-56c0-4842-b694-b03d6939bee0
edge_BITS_14320_1346457904
edge_BITS_14320_1558816618
edge_BITS_14320_1614526460
edge_BITS_14320_1942357665
edge_BITS_14320_1962941164
edge_BITS_14320_434854286
edge_BITS_14320_603146859
edge_BITS_14320_647988445
edge_BITS_16376_1318067021
edge_BITS_16376_1699636603
edge_BITS_17292_1324079025
edge_BITS_17292_1781773505
edge_BITS_17292_720625096
edge_BITS_17292_991716354
edge_BITS_1880_445375255
edge_BITS_1880_838916053
edge_BITS_20644_1530647346
edge_BITS_20644_1970832909
edge_BITS_20644_328409042
edge_BITS_20644_866926000
edge_BITS_22720_1307058219
edge_BITS_22720_18756141
edge_BITS_22720_2033284475
edge_BITS_22720_714100349
edge_BITS_26748_1396906521
edge_BITS_26748_1535761275
edge_BITS_26748_1824299888
edge_BITS_26748_2104728459
edge_BITS_26748_321234618
edge_BITS_26748_386253856
edge_BITS_26748_538056313
edge_BITS_26748_921372460
edge_BITS_3000_164452919
edge_BITS_30592_439619118
edge_BITS_30592_583946442
edge_BITS_5880_124558868
edge_BITS_5880_1876511656
edge_BITS_5880_1907744757
edge_BITS_5880_2073423717
ee45bef903ea43218bd26a0f72f4daf0
ef93593d-5142-4d97-9a54-1db8fe6b2cca
ernyrybv.mel
evpyk1vq.13d
ewipytot.kvy
f0a34c1a07824513bdba45ff67cede8c
f1510228825042c1ac241db1e39140a9
f257528c-7993-403b-a9b8-14e176d082ed
f2a91638-8a0f-4953-8d85-ee374b0f5c1d
f9a2c56c-80a1-4030-8534-1c1f0259ea62
fpzvawps.szh
g00co2q2.hif
ghhkvhbi.rdp
gkkr0myh.bw2
gnlc5s5r.f21
hsperfdata_seraf
huzco4iq.q0l
iu4tuntp.2oj
j0lgws4x.tug
jppqzeru.o5g
k3tsaads.b4q
lzkjs3r4.pao
m1jchlfd.4xw
mdyfdegd.y0v
MessagingAddin
MessagingPlugin
MSBuildTempseraf
msedge_url_fetcher_4256_24882155
msohtmlclip
msohtmlclip1
NuGetScratch
oarkjkdg.0u2
OneNote
OneNoteSyncData
ozq2tneh.hui
pkg
pkg-p3pcEo
PSES-12540
PSES-17540
pufj415t.eoe
py1dc5eb.3gw
qkkjeteb.wgq
raiiy2be.xmc
Report.045EF6AA-43FE-4A87-8871-93FBFF392297
Report.06BD6D41-67EB-4CF0-959C-CDF2A9E79BF2
Report.074EA9B1-1462-451C-8984-FE0545B92278
Report.07B3A784-50C4-482F-B93B-8C4313729BC2
Report.08F51796-4340-4C79-BB1F-1E0C8D47BAA4
Report.09942005-C6AC-4BCD-9022-89EBD861B839
Report.0D7D9672-1668-4529-80C7-1D0D117E79FB
Report.0E62A52C-8BD0-40B8-A766-F4A322EE9C7A
Report.0FAEE10A-5C01-4CD3-8DAF-E208FDEE69C7
Report.105E355F-1ED5-4B63-8123-6629EBB2BF96
Report.1095573E-06AE-438E-ADA9-CDB7FDB3FB54
Report.12050B67-4E19-45AE-83DA-7470577759F7
Report.1334F30D-62AC-411B-B15C-0D2FE64650F6
Report.152EEA3E-0EB1-453B-A7B5-3462410AE2E0
Report.16576523-8389-423C-A170-D028E455F517
Report.1686BC82-405D-4C70-B24A-A0F276282759
Report.16C15333-3E66-438F-985A-9604A0D7C10D
Report.187D86CE-1998-46A7-89A2-6D3D6627CDEB
Report.19ABF820-B1F0-4E92-85DB-F44E1EBF0ECC
Report.1AEDBE3E-B2AF-4201-914D-E13FCA015B19
Report.1BBED849-F12B-409E-96B2-66B9943C1ECD
Report.1C72E59C-DCFB-4CDB-96B4-AC55D44C4E4E
Report.1D3242DA-9CEA-4174-A89E-8A0EDC916B8D
Report.1E3317C6-E376-4D47-9656-E6FC235EFD66
Report.1E7D5679-AA05-48AF-83B2-7F60D3DA840C
Report.223AB071-8778-4583-BA30-3867566926AB
Report.23B1DC35-21C1-4BBA-AE63-1DC1F966CE59
Report.2819A180-BEB0-4B26-8892-D8915F76257C
Report.2E52595E-1375-44E3-AC8A-82C212944A5B
Report.31474F32-B03D-4E6F-8763-750640DCDF92
Report.3440EF1B-DC8C-4DC6-8556-ADE73B7EFDE3
Report.3459DA17-7BC2-4544-9894-2630F1434790
Report.35B476DC-7B6C-4517-8911-BDBA28D2D393
Report.36844B30-66CA-4DCB-B341-7E50A5941D15
Report.3802544D-BFCD-4477-ABB5-C60DCD4D9611
Report.3BF07607-D661-4FF6-B524-2CA98688290C
Report.430B2FA1-4C7D-47F0-AB91-D6673681CD95
Report.44C4A43B-C25A-4629-8C0D-EB272928C020
Report.47639866-3E5A-4739-AF1E-28AFA4CADC0C
Report.492AF833-0730-4F13-ACF0-81AA2E856571
Report.4A0FDE81-D5B1-4C24-BB62-8AD12F6A3DF0
Report.4A3B92D2-3221-4483-AC66-73F4C61CF362
Report.4CA7FFFC-C06D-4520-8F5B-BE562A59E3C2
Report.4CEEEBC6-F3FA-4488-9616-90516ABEA768
Report.528EF4DE-5D16-404E-8C1A-55A10143E536
Report.535C9859-1828-4D4D-BBD8-0328F69A1ED5
Report.54BB56BF-8BD1-4918-8934-20E31942E13B
Report.559ABD74-62C5-4A59-BC49-FF168DF0DE49
Report.56639FA8-9E01-41E8-A2C6-5BE8606429A1
Report.5B9A7194-597E-4F2C-AE2A-504E1B57F0D4
Report.5CA156BB-8D61-446D-8BB7-5DC89CD3C937
Report.5D6BBD1F-B920-473B-8EA3-EBB768ACFCBE
Report.60030959-1872-424A-81CA-F53EE95D2164
Report.62C3F6F6-A9AA-49C7-AA30-48DE45E734DA
Report.63D16D4E-6329-4CD1-8405-7AC2C279A2EA
Report.6BA0DF43-4449-4CFB-8E59-98D119ACA59A
Report.6C234854-91C9-4EC4-A320-AD9D30D805EE
Report.6DB2FEFA-918A-4F94-BF63-54F5CDFB278E
Report.6E7F4A48-78B6-4A9C-9B71-2D784C27281E
Report.6F5CAC7F-F1DF-4424-AA67-C04A58737F3C
Report.771DDC7A-844E-4611-BF16-2C0B7AF7413C
Report.79475FDB-F4BF-4CB7-831F-069956116436
Report.7A55A6A1-28DF-4E4E-B69F-D53B41D474B4
Report.7A871357-10F7-4980-B8EC-4D228E68A47E
Report.7B5B5E81-8B42-4743-8F73-357D4F51EDC4
Report.7FD7E844-7631-4D71-AAF3-F057947855A0
Report.8778D33B-CE0B-4D6C-A97B-9AD80248820F
Report.89C56870-4D23-48F2-B041-33D7D44DB1D3
Report.8A18B295-9CD2-4844-9528-B9C55A06A562
Report.8DB38AC8-3BCE-4A80-A6C4-C7175DAB868F
Report.8E6E7E58-E977-413D-9FCE-976F2B11AA8B
Report.8EEACAE3-B8E9-4732-BADB-1C0EF0DDB848
Report.8F37D1CD-5D18-415F-B0C8-0868317EA415
Report.8FD0BDBD-D0BA-4678-9B3A-D7EA926DA2F8
Report.9ECA2AB1-410F-4499-A284-236A31055797
Report.A0AEC1F7-1510-4E9A-B1B4-F3F1E663B10B
Report.A408483A-7D89-4869-98F7-8C559001EB32
Report.A4E71F1A-B129-4A67-93F6-BD3EA8BF3C25
Report.A5189BD5-C4A2-4508-B136-A49EE860152D
Report.A68C42DC-C538-4652-8622-712E48831C0F
Report.A8C98453-F717-435E-856A-283E9B4A3508
Report.AC60F794-AD8F-4B3B-991B-C555A193E4CE
Report.AF07C879-A98B-462C-BA9B-2090BACE06D2
Report.AFF7D039-8296-4689-822D-90831B6EC84C
Report.B011A502-B9CF-46BC-8D95-AC6EAA08BE13
Report.B030A984-8119-4C40-A11E-A07197E0BCA0
Report.B2C1CF90-D0BA-4F95-810D-58F3E2A88830
Report.B38DF955-14EF-46A8-ABE0-A1753D1B664C
Report.B63D4B01-E7A2-4786-988C-D0F6EE7037B2
Report.B743C57B-536C-46FD-B070-6393CD3BDAC3
Report.B92941A7-B0A8-4604-BF1C-0B79E5ACAE58
Report.BB00D9D9-ACB6-4B10-8C2D-9BA9B96172F7
Report.BE0D0A52-ED96-48C8-AC80-A43FE84934C1
Report.BE6C2EEC-DF08-4C82-82BF-CCB30FB9220D
Report.C0F97A6A-B524-4022-8439-E81DADA5A586
Report.C1AB9E9A-C832-4356-B146-3C55FCC5C9AC
Report.C433A42E-650B-4AF8-9FF0-CDE0E7CC6AC2
Report.C6E6B8A8-BABD-4056-B294-6BA4BDBD7EFB
Report.C9A4556E-05B3-44A2-8B53-0F60163E8D89
Report.C9E4DA63-2266-44C5-ABBF-1746796DB140
Report.CAADF347-BFEF-4F2D-B54B-74D425F57CBC
Report.CB9FA3DD-9E01-46B1-A1F3-0967E2D031B8
Report.CDFD56BA-7A3E-488C-B3D2-D902ABD1E429
Report.CE76C795-A7CA-4266-8C30-A50A058C0FE0
Report.CED3247D-B6C0-40BA-947D-B41345939375
Report.D338287C-CF84-4AD6-9623-4C9FB374D929
Report.D3EEEA85-1E31-4EA2-B70A-853DFD0B1011
Report.D59F7750-BA8D-4014-A0DF-B0536276C52A
Report.D611019E-ABA4-4B22-84EA-2904CFA0E4C7
Report.D6B88D47-40BE-47AF-A524-7803DB29EB8C
Report.D9E7368A-6DD0-4156-BB0A-CEC9BE3CB0E9
Report.DAA2C1A0-9CC8-4F16-A650-0A9AB95BDD73
Report.DAE0C397-427C-4996-A090-CE073758B43E
Report.E07829F0-5D4E-4CEE-B5CD-9C3FD68ACB31
Report.E4420F24-A72F-46F0-BAD8-8C8855A13BA1
Report.E78B7629-6CE1-4DA2-8F0E-EA423257E418
Report.EBDA6128-4C64-4BB1-A104-F58DDCF1BB27
Report.F000F3EB-A5EA-44F6-8F45-67EA5C80744F
Report.F10606C0-954D-49AE-802E-BF956C6F8B60
Report.F1652947-0B79-4363-9490-56C145524F68
Report.F53444B4-D515-42DB-A1DD-2E63D2878E09
Report.F5A0508B-09F2-4997-8F7F-95A882C09E15
Report.FA18B55C-3373-4128-9F3B-575C25CC5DD8
Report.FB662F00-F9F5-48D8-9948-91927BE9962F
Report.FBD17538-4FF1-4CDF-95AA-664CDCED669D
Report.FD067D59-BE5C-46BC-A2AC-6B1C29390ED1
Report.FFBA91C1-4157-4409-8AB5-B369E33FECB9
rh2wdu25.e0i
rlhkohxi.kar
rqrkoavi.55q
servicehub
SmartScreen
smnygf3m.ls1
sn5wjskr.boy
SymbolCache
system-commandline-sentinel-files
TCD7794.tmp
TCD7795.tmp
TCD7796.tmp
TCD7797.tmp
TCD7798.tmp
TCD77A9.tmp
TCD77AA.tmp
TCD77AC.tmp
TCD77BC.tmp
TCD77BD.tmp
TCD77CE.tmp
TCD77EF.tmp
TCD7830.tmp
TCDE6B9.tmp
TCDE6BA.tmp
TCDE6BB.tmp
TCDE6BC.tmp
TCDE6CD.tmp
TCDE6CE.tmp
TCDE6D1.tmp
TCDE6E3.tmp
TCDE6E4.tmp
TCDE6F5.tmp
TCDE6F6.tmp
TCDE707.tmp
TCDE738.tmp
tcmokyiw
TFSTemp
TortoiseGit
v8-compile-cache
VBCSCompiler
vmware-seraf
vp1lbbw2.lq3
VS
vs.mcj-1816327378
vscode-stable-user-x64
vscode-typescript
VSFeedbackIntelliCodeLogs
VSFeedbackPerfWatsonData
VSFeedbackVSRTCLogs
VSGitHubCopilotLogs
VSLogs
VSTelem
VSTelem.Out
VsTempFiles
VWDWebCache
w2m12xzr.xtd
webviewhost
WPF
Xamarin
xj3xr4lz.w0b
xmyzhfcb.hai
ybwjasrt.twz
ypjyrbpw.yqj
ypvkqjkg.ezc
yrcu33pg.hrj
{264E57A2-0F59-472A-B2D3-FF74B079B7F7}
{3D71D7F7-CD12-4ED5-936A-3444D819F702}
{6FC26370-C0E8-4512-B620-67F48506B0A4}
{748A9901-23B7-4C7E-8346-3B71B584863E}
{8102620F-A3EE-4C40-9A1F-FD37AB7FDD1D}
{BF8B2E2F-C350-49D5-9D5F-583438DCEF98}
{C2B4194D-481F-4B47-AED9-36EEA30C4F39}
{C57B25CF-2F84-456E-BFDE-28CB35FA5152}
{DE7DFA7A-162D-49E0-B3B9-057B4E2F52B8}
.ses
0227d92a-5739-45b8-9723-0dc72b929d8e.tmp.node
067fa5f4-c403-48c1-9e52-d7bf96c13696.tmp
1dae1515-a0d1-4326-8bab-6c02bba944c8.tmp.node
2880d408-994c-4bf2-94c6-cb6a88553530.tmp.node
291d2a52-873f-4759-a558-216770a358ea.tmp
29d4f54f-e6db-433b-97cf-d52980e30626.tmp
2a847715-02dd-4990-9ab6-3e0adee1c5f3.tmp
2b380e0c-2bba-4baf-a408-593c32d106e1.tmp.node
2bf922fe-2f99-4c91-a103-c16c8c1ea4f1.tmp
2f3045b2-1dc3-4f6c-8347-91119e9a5c31.tmp.node
364000a1-90d2-4d67-be99-c41ed9836ae1.tmp.node
449c6d56-3bbc-47be-906a-274ae1127801.tmp
533e1061-c446-40d7-baad-aec414279347.tmp
5afa11b1-23f1-48ee-a158-8ad4d912b119.tmp.node
5e054910-1ddc-403d-8d76-124462a7f70a.tmp
622702b9-edb7-4b13-9afb-f1e4e1e9d892.tmp
632614f8-ad49-4446-9630-d1826b2a0df3.tmp.node
63fa21f0-2013-47be-8345-97ad67fa271c.tmp
6a6f2651-07c8-4496-932e-6e22ef15f282.tmp.node
73a86ac5-0594-4cf0-8339-fba83533cb95.tmp
760b040e-9c0f-4157-a719-869d845dfee9.tmp
797e39a0-87b3-4533-aecc-a001641638c0.tmp
8418fe27-a234-412b-bafb-c97a547492b2.tmp
8834b425-4006-40cd-8022-8537be0f5ce0.tmp
8add9429-4fe0-4536-9ad2-c701ff74a999.tmp
9157f934-2822-4c66-824b-ed7865753c55.tmp
9c02eb59-8158-4a3d-83b2-eb0ecc1a78c9.tmp.node
9d6ffe41-ae08-4944-aa70-6423ab9892a5.tmp
a8c4dd99-397f-4255-9aba-7e3bc9e0a362.tmp
adb.log
bc3902d8132f43e3ae086a009979fa88.db
bc3902d8132f43e3ae086a009979fa88.db-shm
bc3902d8132f43e3ae086a009979fa88.db-wal
bc3902d8132f43e3ae086a009979fa88.db.ses
c76c5961-03af-46c3-8d9d-6bace28bb05b.tmp
cv_debug.log
d43cc49f-2d16-4439-8320-1f281312805f.tmp.node
d4499c98-29ef-4b40-8451-b459f0f982ae.tmp
dd_BackgroundDownload_20240117132617.log
dd_BackgroundDownload_20240117132639.log
dd_BackgroundDownload_20240117132639_00_setup.log
dd_BackgroundDownload_20240117132639_00_setup_errors.log
dd_BackgroundDownload_20240117132639_result_Cancel.log
dd_BackgroundDownload_20240121163918.log
dd_BackgroundDownload_20240122181422.log
dd_BackgroundDownload_20240122181422_result_Success.log
dd_BackgroundDownload_20240124095932.log
dd_BackgroundDownload_20240124095932_result_Success.log
dd_BackgroundDownload_20240124100002.log
dd_BackgroundDownload_20240124100002_00_setup.log
dd_BackgroundDownload_20240124100002_00_setup_errors.log
dd_BackgroundDownload_20240124100002_result_Success.log
dd_BackgroundDownload_20240124103710.log
dd_setup_20240121132259.log
dd_setup_20240121132259_errors.log
dd_setup_20240121132305.log
dd_setup_20240121132305_errors.log
dd_setup_20240121132309.log
dd_setup_20240121132309_errors.log
dd_vs_setup_bootstrapper_decompression_log.txt
dev950C.tmp
devA776.tmp
e9cc75bd-ca46-462f-a84a-3f95f252352b.tmp.node
ebf3c6f1-2051-4e64-b8be-77275525cfbf.tmp
f351cb0e-6592-4dee-b5b7-1714d8bb4415.tmp
gdbus-nonce-file-61UFH2
gdbus-nonce-file-FEOLH2
gdbus-nonce-file-RWMKH2
mat-debug-10112.log
mat-debug-10404.log
mat-debug-10592.log
mat-debug-10840.log
mat-debug-10868.log
mat-debug-11044.log
mat-debug-11096.log
mat-debug-11252.log
mat-debug-11592.log
mat-debug-11844.log
mat-debug-11924.log
mat-debug-12812.log
mat-debug-12936.log
mat-debug-15144.log
mat-debug-15280.log
mat-debug-15684.log
mat-debug-16028.log
mat-debug-16244.log
mat-debug-16476.log
mat-debug-16508.log
mat-debug-1732.log
mat-debug-17612.log
mat-debug-17628.log
mat-debug-17692.log
mat-debug-1792.log
mat-debug-17940.log
mat-debug-17972.log
mat-debug-18004.log
mat-debug-18356.log
mat-debug-18668.log
mat-debug-19168.log
mat-debug-19556.log
mat-debug-20288.log
mat-debug-20796.log
mat-debug-21104.log
mat-debug-21760.log
mat-debug-22156.log
mat-debug-22196.log
mat-debug-22464.log
mat-debug-22492.log
mat-debug-22612.log
mat-debug-22808.log
mat-debug-22988.log
mat-debug-23200.log
mat-debug-23284.log
mat-debug-23644.log
mat-debug-23816.log
mat-debug-25332.log
mat-debug-25896.log
mat-debug-26056.log
mat-debug-26100.log
mat-debug-2640.log
mat-debug-2660.log
mat-debug-26612.log
mat-debug-26628.log
mat-debug-27052.log
mat-debug-27944.log
mat-debug-28368.log
mat-debug-28984.log
mat-debug-29648.log
mat-debug-3488.log
mat-debug-3960.log
mat-debug-4988.log
mat-debug-5448.log
mat-debug-5836.log
mat-debug-6928.log
mat-debug-7392.log
mat-debug-7740.log
mat-debug-8580.log
mat-debug-9144.log
mat-debug-9156.log
Microsoft.NET.Workload_12320_20240121_132521_275.log
Microsoft.NET.Workload_12320_20240121_132521_413.log
Microsoft.NET.Workload_12372_20240121_132521_275.log
Microsoft.NET.Workload_12372_20240121_132521_402.log
Microsoft.NET.Workload_13116_20240121_132521_275.log
Microsoft.NET.Workload_13116_20240121_132521_404.log
Microsoft.NET.Workload_17016_20240121_151856_281.log
Microsoft.NET.Workload_17016_20240121_151856_449.log
Microsoft.NET.Workload_20748_20240124_130110_143.log
Microsoft.NET.Workload_20748_20240124_130110_366.log
Microsoft.NET.Workload_21996_20240121_151855_965.log
Microsoft.NET.Workload_21996_20240121_151856_090.log
Microsoft.NET.Workload_23372_20240124_130110_144.log
Microsoft.NET.Workload_23372_20240124_130110_367.log
Microsoft.NET.Workload_24616_20240121_151856_004.log
Microsoft.NET.Workload_24616_20240121_151856_103.log
Microsoft.NET.Workload_8960_20240124_130110_144.log
Microsoft.NET.Workload_8960_20240124_130110_362.log
NotifyIconGeneratedAumid_13511259600644201968.png
prep_crosoft Office_root_Office16_sdxs_FA000000083_index_win32_bundle_V8_perf.cache
prep_Form_JSI_API_not_a_real_file_V8_perf.cache
prep_foundation_win32_bundle_V8_perf.cache
prep_index_win32_bundle_V8_perf.cache
prep_ui_win32_bundle_V8_perf.cache
prep___Program Files_Microsoft Office_root_Office16_AugLoop_bundle_js_V8_perf.cache
Setup Log 2024-01-18 #001.txt
StructuredQuery.log
TFRB9B6.tmp
TFRBCD8.tmp
vminst.log
vscode-inno-updater-1705616187.log
VSIXajqprda4.vsix
wct1CBF.tmp
wct2012.tmp
wct2F64.tmp
wct35B0.tmp
wct3A61.tmp
wct4381.tmp
wct4704.tmp
wct7481.tmp
wct74F0.tmp
wct8CE.tmp
wct8FAD.tmp
wct9EB.tmp
wctAF99.tmp
wctB568.tmp
wctC39B.tmp
wctCB1C.tmp
wctCB81.tmp
wctCBF0.tmp
wctCF16.tmp
wctD02F.tmp
wctD17.tmp
wctD6D9.tmp
wctE270.tmp
wctFA59.tmp
{3DEC8C8F-8987-42BD-A841-E547EE643AA1} - OProcSessId.dat
{3E2056FE-503B-45B3-BD5E-F953BE7FEB2B} - OProcSessId.dat
{60519FB4-872D-4117-9950-A333B9E1E07D} - OProcSessId.dat
{9B19CCE4-1B7F-4B9F-8A7B-F18ADFBF974D} - OProcSessId.dat
{D457B81F-0CFC-4EA9-8F29-0CA8FBE02669} - OProcSessId.dat
